2026-05-16 16:55:17,610 [PID 1251391] INFO No binary specified, looking for `pyre.bin` in PATH
2026-05-16 16:55:17,611 [PID 1251391] INFO Pyre binary is located at `/home/clawd/.cache/uv/archive-v0/w7bpKAI7XnVxvL18WDHKO/bin/pyre.bin`
2026-05-16 16:55:17,611 [PID 1251391] INFO Could not determine the number of Pyre workers from configuration. Auto-set the value to 3.
2026-05-16 16:55:17,611 [PID 1251391] INFO No typeshed specified, looking for it...
2026-05-16 16:55:17,611 [PID 1251391] DEBUG Could not find bundled typeshed. Try importing typeshed directly...
2026-05-16 16:55:17,611 [PID 1251391] ERROR `import typeshed` failed.
2026-05-16 16:55:17,611 [PID 1251391] WARNING Could not find a suitable typeshed. Types for Python builtins and standard libraries may be missing!
2026-05-16 16:55:17,611 [PID 1251391] INFO Writing arguments into /tmp/pyre_arguments_zw6u5bcy.json...
2026-05-16 16:55:17,611 [PID 1251391] DEBUG Arguments:
{
  "source_paths": {
    "kind": "simple",
    "paths": [
      "/home/clawd/obus/olotlbot/liquidchat/src/liquidchat"
    ]
  },
  "search_paths": [],
  "excludes": [],
  "checked_directory_allowlist": [
    "/home/clawd/obus/olotlbot/liquidchat/src/liquidchat"
  ],
  "checked_directory_blocklist": [],
  "extensions": [],
  "log_path": "/home/clawd/obus/olotlbot/liquidchat/.pyre",
  "global_root": "/home/clawd/obus/olotlbot/liquidchat",
  "debug": false,
  "python_version": {
    "major": 3,
    "minor": 13,
    "micro": 11
  },
  "system_platform": "linux",
  "shared_memory": {},
  "parallel": true,
  "number_of_workers": 3,
  "additional_logging_sections": [],
  "show_error_traces": false,
  "strict": false
}
2026-05-16 16:55:17,632 [PID 1251391] PERFORMANCE  Initialized shared memory (heap size: 8589934592, dep table pow: 1, hash table pow: 26): 0.001s
2026-05-16 16:55:17,632 [PID 1251391] PERFORMANCE  Initialized multiprocessing workers (workers: 3): 0.001s
2026-05-16 16:55:17,632 [PID 1251391] INFO  Building module tracker...
2026-05-16 16:55:17,632 [PID 1251391] PERFORMANCE  Module tracker built: 0.000s
2026-05-16 16:55:17,632 [PID 1251391] PERFORMANCE  Full environment built: 0.000s
2026-05-16 16:55:17,632 [PID 1251391] INFO  Collecting all definitions...
2026-05-16 16:55:17,703 [PID 1251391] PERFORMANCE  Collected definitions (defines: 101): 0.066s
2026-05-16 16:55:17,703 [PID 1251391] INFO  Checking 101 functions...
2026-05-16 16:55:17,744 [PID 1251391] INFO  Processed 17 of 101 functions
2026-05-16 16:55:17,744 [PID 1251391] INFO  Processed 34 of 101 functions
2026-05-16 16:55:17,754 [PID 1251391] INFO  Processed 51 of 101 functions
2026-05-16 16:55:17,784 [PID 1251391] INFO  Processed 68 of 101 functions
2026-05-16 16:55:17,784 [PID 1251391] INFO  Processed 85 of 101 functions
2026-05-16 16:55:17,784 [PID 1251391] INFO  Processed 101 of 101 functions
2026-05-16 16:55:17,784 [PID 1251391] PERFORMANCE  Check_TypeCheck: 0.086s
2026-05-16 16:55:17,784 [PID 1251391] MEMORY  Shared memory size post-typecheck (size: 0)
2026-05-16 16:55:17,784 [PID 1251391] INFO  Postprocessing 8 sources...
2026-05-16 16:55:17,815 [PID 1251391] INFO  Postprocessed 3 of 8 sources
2026-05-16 16:55:17,815 [PID 1251391] INFO  Postprocessed 6 of 8 sources
2026-05-16 16:55:17,815 [PID 1251391] INFO  Postprocessed 8 of 8 sources
2026-05-16 16:55:17,815 [PID 1251391] PERFORMANCE  Check_Postprocessing: 0.030s
2026-05-16 16:55:17,815 [PID 1251391] PERFORMANCE  Check (request kind: FullCheck): 0.184s
2026-05-16 16:55:17,828 [PID 1251391] ERROR Found 201 type errors!
